<?xml version="1.0" encoding="UTF-8"?>
<testng-results ignored="0" total="1" passed="1" failed="0" skipped="0">
  <reporter-output>
  </reporter-output>
  <suite started-at="2022-10-14T10:07:39 IST" name="Default suite" finished-at="2022-10-14T10:08:35 IST" duration-ms="56817">
    <groups>
    </groups>
    <test started-at="2022-10-14T10:07:39 IST" name="Default test" finished-at="2022-10-14T10:08:35 IST" duration-ms="56817">
      <class name="TestNGPractical.Demostraion">
        <test-method is-config="true" signature="callBrowser()[pri:0, instance:TestNGPractical.Demostraion@78b66d36]" started-at="2022-10-14T10:07:39 IST" name="callBrowser" finished-at="2022-10-14T10:08:25 IST" duration-ms="46375" status="PASS">
          <reporter-output>
          </reporter-output>
        </test-method> <!-- callBrowser -->
        <test-method signature="personalInformation()[pri:1, instance:TestNGPractical.Demostraion@78b66d36]" started-at="2022-10-14T10:08:25 IST" name="personalInformation" finished-at="2022-10-14T10:08:35 IST" duration-ms="10056" status="PASS">
          <reporter-output>
          </reporter-output>
        </test-method> <!-- personalInformation -->
      </class> <!-- TestNGPractical.Demostraion -->
    </test> <!-- Default test -->
  </suite> <!-- Default suite -->
</testng-results>
